<?xml version="1.0" encoding="UTF-8"?>
<!-- Generated by org.testng.reporters.JUnitReportReporter -->
<testsuite hostname="PureBook-S14" failures="0" tests="1" name="testCases.TC005_AccountRigistrationByClickingNoNewsLetter" time="14.363" errors="0" timestamp="2025-02-19T16:14:59 IST" skipped="0">
  <testcase classname="testCases.TC005_AccountRigistrationByClickingNoNewsLetter" name="VerifyAccountRegistrationWithNoNewsLetter" time="14.363"/>
  <system-out/>
</testsuite> <!-- testCases.TC005_AccountRigistrationByClickingNoNewsLetter -->
