<?xml version="1.0" encoding="UTF-8"?>
<!-- Generated by org.testng.reporters.JUnitReportReporter -->
<testsuite hostname="PureBook-S14" failures="0" tests="1" name="testCases.LoginTest" time="7.130" errors="0" timestamp="2025-02-03T16:04:35 IST" skipped="0">
  <testcase classname="testCases.LoginTest" name="testLogin" time="7.130"/>
  <system-out/>
</testsuite> <!-- testCases.LoginTest -->
