<?xml version="1.0" encoding="UTF-8"?>
<!-- Generated by org.testng.reporters.JUnitReportReporter -->
<testsuite hostname="PureBook-S14" failures="0" tests="1" name="testCases.TC006_AccountRigistrationWithWrongPassword" time="11.463" errors="0" timestamp="2025-02-20T19:21:27 IST" skipped="0">
  <testcase classname="testCases.TC006_AccountRigistrationWithWrongPassword" name="VerifyAccountRigistrationWithWrongPassword" time="11.463"/>
  <system-out/>
</testsuite> <!-- testCases.TC006_AccountRigistrationWithWrongPassword -->
