<?xml version="1.0" encoding="UTF-8"?>
<!-- Generated by org.testng.reporters.JUnitReportReporter -->
<testsuite hostname="PureBook-S14" failures="0" tests="1" name="testCases.TC001_AccountRegistrationTest" time="14.422" errors="0" timestamp="2025-02-16T21:50:25 IST" skipped="0">
  <testcase classname="testCases.TC001_AccountRegistrationTest" name="VerifyAccountRegistration" time="14.422"/>
  <system-out/>
</testsuite> <!-- testCases.TC001_AccountRegistrationTest -->
