<?xml version="1.0" encoding="UTF-8"?>
<!-- Generated by org.testng.reporters.JUnitReportReporter -->
<testsuite hostname="PureBook-S14" failures="0" tests="5" name="testCases.TC003_LoginDDT" time="39.196" errors="0" timestamp="2025-02-15T17:02:50 IST" skipped="0">
  <testcase classname="testCases.TC003_LoginDDT" name="Verify_loginDDT" time="11.416"/>
  <system-out/>
  <testcase classname="testCases.TC003_LoginDDT" name="Verify_loginDDT" time="11.770"/>
  <system-out/>
  <testcase classname="testCases.TC003_LoginDDT" name="Verify_loginDDT" time="2.426"/>
  <system-out/>
  <testcase classname="testCases.TC003_LoginDDT" name="Verify_loginDDT" time="2.228"/>
  <system-out/>
  <testcase classname="testCases.TC003_LoginDDT" name="Verify_loginDDT" time="11.356"/>
  <system-out/>
</testsuite> <!-- testCases.TC003_LoginDDT -->
