<?xml version="1.0" encoding="UTF-8"?>
<!-- Generated by org.testng.reporters.JUnitReportReporter -->
<testsuite hostname="PureBook-S14" failures="0" tests="1" name="SampleTestCases.HandelAllLinks" time="37.233" errors="0" timestamp="2025-02-06T14:29:03 IST" skipped="0">
  <testcase classname="SampleTestCases.HandelAllLinks" name="getalllinks" time="37.233"/>
  <system-out/>
</testsuite> <!-- SampleTestCases.HandelAllLinks -->
