<?xml version="1.0" encoding="UTF-8"?>
<!-- Generated by org.testng.reporters.JUnitReportReporter -->
<testsuite hostname="PureBook-S14" failures="0" tests="1" name="testCases.TC002_LoginTest" time="1.022" errors="0" timestamp="2025-02-16T21:50:25 IST" skipped="0">
  <testcase classname="testCases.TC002_LoginTest" name="verify_login" time="1.022"/>
  <system-out/>
</testsuite> <!-- testCases.TC002_LoginTest -->
