<?xml version="1.0" encoding="UTF-8"?>
<!-- Generated by org.testng.reporters.JUnitReportReporter -->
<testsuite hostname="PureBook-S14" failures="0" tests="1" name="testCases.TC007_AccountRegistrationWithExistingEmail" time="11.437" errors="0" timestamp="2025-02-20T19:46:12 IST" skipped="0">
  <testcase classname="testCases.TC007_AccountRegistrationWithExistingEmail" name="TC007_AccountRegistrationWithExistingEmail" time="11.437"/>
  <system-out/>
</testsuite> <!-- testCases.TC007_AccountRegistrationWithExistingEmail -->
