<?xml version="1.0" encoding="UTF-8"?>
<!-- Generated by org.testng.reporters.JUnitReportReporter -->
<testsuite hostname="PureBook-S14" failures="0" tests="1" name="SampleTestCases.flipcartDemo" time="28.805" errors="0" timestamp="2025-02-13T13:31:36 IST" skipped="0">
  <testcase classname="SampleTestCases.flipcartDemo" name="BookTickets" time="28.805"/>
  <system-out/>
</testsuite> <!-- SampleTestCases.flipcartDemo -->
