<?xml version="1.0" encoding="UTF-8"?>
<!-- Generated by org.testng.reporters.JUnitReportReporter -->
<testsuite hostname="PureBook-S14" failures="0" tests="1" name="testCases.TC004_AccountRegistrationWithoutData" time="4.158" errors="0" timestamp="2025-02-19T15:29:35 IST" skipped="0">
  <testcase classname="testCases.TC004_AccountRegistrationWithoutData" name="VerifyFieldsWithOutData" time="4.158"/>
  <system-out/>
</testsuite> <!-- testCases.TC004_AccountRegistrationWithoutData -->
