<?xml version="1.0" encoding="UTF-8"?>
<!-- Generated by org.testng.reporters.JUnitReportReporter -->
<testsuite hostname="PureBook-S14" failures="0" tests="1" name="testCases.TC001_AccountRegistrationTest" time="14.114" errors="0" timestamp="2025-02-18T16:27:16 IST" skipped="0">
  <testcase classname="testCases.TC001_AccountRegistrationTest" name="VerifyAccountRegistration" time="14.114"/>
</testsuite> <!-- testCases.TC001_AccountRegistrationTest -->
